build/outputs/logs/manifest-merger-debug-report.txt
-- Merging decision tree log ---
manifest
ADDED from src\main\AndroidManifest.xml:2:1-74:12
INJECTED from src\main\AndroidManifest.xml:2:1-74:12
INJECTED from src\main\AndroidManifest.xml:2:1-74:12
INJECTED from src\main\AndroidManifest.xml:2:1-74:12
MERGED from [:core-1.4.0:] AndroidManifest.xml:17:1-46:12
MERGED from [:VuforiaWrapper:] AndroidManifest.xml:2:1-32:12
MERGED from [com.android.support:appcompat-v7:28.0.0] AndroidManifest.xml:17:1-22:12
MERGED from [com.android.support.constraint:constraint-layout:1.1.3] AndroidManifest.xml:2:1-11:12
MERGED from [com.android.support:support-fragment:28.0.0] AndroidManifest.xml:17:1-22:12
MERGED from [com.android.support:animated-vector-drawable:28.0.0] AndroidManifest.xml:17:1-22:12
MERGED from [com.android.support:support-core-ui:28.0.0] AndroidManifest.xml:17:1-22:12
MERGED from [com.android.support:support-core-utils:28.0.0] AndroidManifest.xml:17:1-22:12
MERGED from [com.android.support:support-vector-drawable:28.0.0] AndroidManifest.xml:17:1-22:12
MERGED from [com.android.support:loader:28.0.0] AndroidManifest.xml:17:1-22:12
MERGED from [com.android.support:viewpager:28.0.0] AndroidManifest.xml:17:1-22:12
MERGED from [com.android.support:coordinatorlayout:28.0.0] AndroidManifest.xml:17:1-22:12
MERGED from [com.android.support:drawerlayout:28.0.0] AndroidManifest.xml:17:1-22:12
MERGED from [com.android.support:slidingpanelayout:28.0.0] AndroidManifest.xml:17:1-22:12
MERGED from [com.android.support:customview:28.0.0] AndroidManifest.xml:17:1-22:12
MERGED from [com.android.support:swiperefreshlayout:28.0.0] AndroidManifest.xml:17:1-22:12
MERGED from [com.android.support:asynclayoutinflater:28.0.0] AndroidManifest.xml:17:1-22:12
MERGED from [com.android.support:support-compat:28.0.0] AndroidManifest.xml:17:1-24:12
MERGED from [com.android.support:versionedparcelable:28.0.0] AndroidManifest.xml:17:1-25:12
MERGED from [com.android.support:cursoradapter:28.0.0] AndroidManifest.xml:17:1-22:12
MERGED from [android.arch.lifecycle:runtime:1.1.1] AndroidManifest.xml:17:1-22:12
MERGED from [com.android.support:documentfile:28.0.0] AndroidManifest.xml:17:1-22:12
MERGED from [com.android.support:localbroadcastmanager:28.0.0] AndroidManifest.xml:17:1-22:12
MERGED from [com.android.support:print:28.0.0] AndroidManifest.xml:17:1-22:12
MERGED from [android.arch.lifecycle:viewmodel:1.1.1] AndroidManifest.xml:17:1-22:12
MERGED from [android.arch.lifecycle:livedata:1.1.1] AndroidManifest.xml:17:1-22:12
MERGED from [android.arch.lifecycle:livedata-core:1.1.1] AndroidManifest.xml:17:1-22:12
MERGED from [android.arch.core:runtime:1.1.1] AndroidManifest.xml:17:1-22:12
MERGED from [com.android.support:interpolator:28.0.0] AndroidManifest.xml:17:1-22:12
INJECTED from src\main\AndroidManifest.xml:2:1-74:12
INJECTED from src\main\AndroidManifest.xml:2:1-74:12
INJECTED from src\main\AndroidManifest.xml:2:1-74:12
	package
		ADDED from src\main\AndroidManifest.xml:4:5-50
		INJECTED from src\main\AndroidManifest.xml
		INJECTED from src\main\AndroidManifest.xml
	android:versionName
		INJECTED from src\main\AndroidManifest.xml
		ADDED from src\main\AndroidManifest.xml:2:1-74:12
		INJECTED from src\main\AndroidManifest.xml
	xmlns:tools
		ADDED from src\main\AndroidManifest.xml:3:5-51
	android:versionCode
		INJECTED from src\main\AndroidManifest.xml
		ADDED from src\main\AndroidManifest.xml:2:1-74:12
		INJECTED from src\main\AndroidManifest.xml
	xmlns:android
		ADDED from src\main\AndroidManifest.xml:2:11-69
	android:installLocation
		ADDED from src\main\AndroidManifest.xml:5:5-43
supports-screens
ADDED from src\main\AndroidManifest.xml:7:5-12:40
	android:largeScreens
		ADDED from src\main\AndroidManifest.xml:9:9-36
	android:smallScreens
		ADDED from src\main\AndroidManifest.xml:11:9-36
	android:normalScreens
		ADDED from src\main\AndroidManifest.xml:10:9-37
	android:xlargeScreens
		ADDED from src\main\AndroidManifest.xml:12:9-37
	android:anyDensity
		ADDED from src\main\AndroidManifest.xml:8:9-34
uses-feature#0x00020000
ADDED from src\main\AndroidManifest.xml:14:5-54
	android:glEsVersion
		ADDED from src\main\AndroidManifest.xml:14:19-51
uses-permission#android.permission.INTERNET
ADDED from src\main\AndroidManifest.xml:16:5-67
MERGED from [:VuforiaWrapper:] AndroidManifest.xml:14:5-67
MERGED from [:VuforiaWrapper:] AndroidManifest.xml:14:5-67
	android:name
		ADDED from src\main\AndroidManifest.xml:16:22-64
uses-permission#android.permission.CAMERA
ADDED from src\main\AndroidManifest.xml:17:5-65
MERGED from [:VuforiaWrapper:] AndroidManifest.xml:15:5-65
MERGED from [:VuforiaWrapper:] AndroidManifest.xml:15:5-65
	android:name
		ADDED from src\main\AndroidManifest.xml:17:22-62
uses-feature#android.hardware.camera
ADDED from src\main\AndroidManifest.xml:19:5-21:36
MERGED from [:VuforiaWrapper:] AndroidManifest.xml:12:5-60
MERGED from [:VuforiaWrapper:] AndroidManifest.xml:12:5-60
	android:required
		ADDED from src\main\AndroidManifest.xml:21:9-33
		MERGED from src\main\AndroidManifest.xml:21:9-33
	android:name
		ADDED from src\main\AndroidManifest.xml:20:9-47
uses-feature#android.hardware.camera.autofocus
ADDED from src\main\AndroidManifest.xml:22:5-24:36
	android:required
		ADDED from src\main\AndroidManifest.xml:24:9-33
	android:name
		ADDED from src\main\AndroidManifest.xml:23:9-57
uses-feature#android.hardware.camera.front
ADDED from src\main\AndroidManifest.xml:25:5-27:36
	android:required
		ADDED from src\main\AndroidManifest.xml:27:9-33
	android:name
		ADDED from src\main\AndroidManifest.xml:26:9-53
uses-feature#android.hardware.touchscreen
ADDED from src\main\AndroidManifest.xml:28:5-30:36
	android:required
		ADDED from src\main\AndroidManifest.xml:30:9-33
	android:name
		ADDED from src\main\AndroidManifest.xml:29:9-52
uses-feature#android.hardware.touchscreen.multitouch
ADDED from src\main\AndroidManifest.xml:31:5-33:36
	android:required
		ADDED from src\main\AndroidManifest.xml:33:9-33
	android:name
		ADDED from src\main\AndroidManifest.xml:32:9-63
uses-feature#android.hardware.touchscreen.multitouch.distinct
ADDED from src\main\AndroidManifest.xml:34:5-36:36
	android:required
		ADDED from src\main\AndroidManifest.xml:36:9-33
	android:name
		ADDED from src\main\AndroidManifest.xml:35:9-72
application
ADDED from src\main\AndroidManifest.xml:38:5-72:19
MERGED from [:core-1.4.0:] AndroidManifest.xml:30:5-44:19
MERGED from [:core-1.4.0:] AndroidManifest.xml:30:5-44:19
MERGED from [:VuforiaWrapper:] AndroidManifest.xml:19:5-30:19
MERGED from [:VuforiaWrapper:] AndroidManifest.xml:19:5-30:19
MERGED from [com.android.support.constraint:constraint-layout:1.1.3] AndroidManifest.xml:9:5-20
MERGED from [com.android.support.constraint:constraint-layout:1.1.3] AndroidManifest.xml:9:5-20
MERGED from [com.android.support:support-compat:28.0.0] AndroidManifest.xml:22:5-94
MERGED from [com.android.support:support-compat:28.0.0] AndroidManifest.xml:22:5-94
MERGED from [com.android.support:versionedparcelable:28.0.0] AndroidManifest.xml:22:5-23:19
MERGED from [com.android.support:versionedparcelable:28.0.0] AndroidManifest.xml:22:5-23:19
	android:appComponentFactory
		ADDED from [com.android.support:support-compat:28.0.0] AndroidManifest.xml:22:18-91
	android:label
		ADDED from src\main\AndroidManifest.xml:40:9-41
	android:debuggable
		ADDED from [:VuforiaWrapper:] AndroidManifest.xml:19:18-44
	android:roundIcon
		ADDED from src\main\AndroidManifest.xml:41:9-51
	android:icon
		ADDED from src\main\AndroidManifest.xml:39:9-40
	android:theme
		ADDED from src\main\AndroidManifest.xml:42:9-50
activity#com.vuforia.engine.CoreSamplesUnity.UnityPlayerActivity
ADDED from src\main\AndroidManifest.xml:43:9-59:20
	android:screenOrientation
		ADDED from src\main\AndroidManifest.xml:49:13-49
	android:label
		ADDED from src\main\AndroidManifest.xml:47:13-45
	android:launchMode
		ADDED from src\main\AndroidManifest.xml:48:13-44
	android:hardwareAccelerated
		ADDED from src\main\AndroidManifest.xml:46:13-48
	android:configChanges
		ADDED from src\main\AndroidManifest.xml:45:13-194
	android:name
		ADDED from src\main\AndroidManifest.xml:44:13-48
intent-filter#action:name:android.intent.action.MAIN+category:name:android.intent.category.LAUNCHER
ADDED from src\main\AndroidManifest.xml:50:13-54:29
action#android.intent.action.MAIN
ADDED from src\main\AndroidManifest.xml:51:17-69
	android:name
		ADDED from src\main\AndroidManifest.xml:51:25-66
category#android.intent.category.LAUNCHER
ADDED from src\main\AndroidManifest.xml:53:17-77
	android:name
		ADDED from src\main\AndroidManifest.xml:53:27-74
meta-data#unityplayer.UnityActivity
ADDED from src\main\AndroidManifest.xml:56:13-58:40
	android:value
		ADDED from src\main\AndroidManifest.xml:58:17-37
	android:name
		ADDED from src\main\AndroidManifest.xml:57:17-57
meta-data#unity.build-id
ADDED from src\main\AndroidManifest.xml:61:9-63:68
	android:value
		ADDED from src\main\AndroidManifest.xml:63:13-65
	android:name
		ADDED from src\main\AndroidManifest.xml:62:13-42
meta-data#unity.splash-mode
ADDED from src\main\AndroidManifest.xml:64:9-66:33
	android:value
		ADDED from src\main\AndroidManifest.xml:66:13-30
	android:name
		ADDED from src\main\AndroidManifest.xml:65:13-45
meta-data#unity.splash-enable
ADDED from src\main\AndroidManifest.xml:67:9-69:36
	android:value
		ADDED from src\main\AndroidManifest.xml:69:13-33
	android:name
		ADDED from src\main\AndroidManifest.xml:68:13-47
activity#com.vuforia.engine.CoreSamplesUnity.MainActivity
ADDED from src\main\AndroidManifest.xml:71:9-59
	android:name
		ADDED from src\main\AndroidManifest.xml:71:19-47
uses-sdk
INJECTED from src\main\AndroidManifest.xml reason: use-sdk injection requested
INJECTED from src\main\AndroidManifest.xml
INJECTED from src\main\AndroidManifest.xml
MERGED from [:core-1.4.0:] AndroidManifest.xml:26:5-28:41
MERGED from [:core-1.4.0:] AndroidManifest.xml:26:5-28:41
MERGED from [:VuforiaWrapper:] AndroidManifest.xml:8:5-10:41
MERGED from [:VuforiaWrapper:] AndroidManifest.xml:8:5-10:41
MERGED from [com.android.support:appcompat-v7:28.0.0] AndroidManifest.xml:20:5-44
MERGED from [com.android.support:appcompat-v7:28.0.0] AndroidManifest.xml:20:5-44
MERGED from [com.android.support.constraint:constraint-layout:1.1.3] AndroidManifest.xml:5:5-7:41
MERGED from [com.android.support.constraint:constraint-layout:1.1.3] AndroidManifest.xml:5:5-7:41
MERGED from [com.android.support:support-fragment:28.0.0] AndroidManifest.xml:20:5-44
MERGED from [com.android.support:support-fragment:28.0.0] AndroidManifest.xml:20:5-44
MERGED from [com.android.support:animated-vector-drawable:28.0.0] AndroidManifest.xml:20:5-44
MERGED from [com.android.support:animated-vector-drawable:28.0.0] AndroidManifest.xml:20:5-44
MERGED from [com.android.support:support-core-ui:28.0.0] AndroidManifest.xml:20:5-44
MERGED from [com.android.support:support-core-ui:28.0.0] AndroidManifest.xml:20:5-44
MERGED from [com.android.support:support-core-utils:28.0.0] AndroidManifest.xml:20:5-44
MERGED from [com.android.support:support-core-utils:28.0.0] AndroidManifest.xml:20:5-44
MERGED from [com.android.support:support-vector-drawable:28.0.0] AndroidManifest.xml:20:5-44
MERGED from [com.android.support:support-vector-drawable:28.0.0] AndroidManifest.xml:20:5-44
MERGED from [com.android.support:loader:28.0.0] AndroidManifest.xml:20:5-44
MERGED from [com.android.support:loader:28.0.0] AndroidManifest.xml:20:5-44
MERGED from [com.android.support:viewpager:28.0.0] AndroidManifest.xml:20:5-44
MERGED from [com.android.support:viewpager:28.0.0] AndroidManifest.xml:20:5-44
MERGED from [com.android.support:coordinatorlayout:28.0.0] AndroidManifest.xml:20:5-44
MERGED from [com.android.support:coordinatorlayout:28.0.0] AndroidManifest.xml:20:5-44
MERGED from [com.android.support:drawerlayout:28.0.0] AndroidManifest.xml:20:5-44
MERGED from [com.android.support:drawerlayout:28.0.0] AndroidManifest.xml:20:5-44
MERGED from [com.android.support:slidingpanelayout:28.0.0] AndroidManifest.xml:20:5-44
MERGED from [com.android.support:slidingpanelayout:28.0.0] AndroidManifest.xml:20:5-44
MERGED from [com.android.support:customview:28.0.0] AndroidManifest.xml:20:5-44
MERGED from [com.android.support:customview:28.0.0] AndroidManifest.xml:20:5-44
MERGED from [com.android.support:swiperefreshlayout:28.0.0] AndroidManifest.xml:20:5-44
MERGED from [com.android.support:swiperefreshlayout:28.0.0] AndroidManifest.xml:20:5-44
MERGED from [com.android.support:asynclayoutinflater:28.0.0] AndroidManifest.xml:20:5-44
MERGED from [com.android.support:asynclayoutinflater:28.0.0] AndroidManifest.xml:20:5-44
MERGED from [com.android.support:support-compat:28.0.0] AndroidManifest.xml:20:5-44
MERGED from [com.android.support:support-compat:28.0.0] AndroidManifest.xml:20:5-44
MERGED from [com.android.support:versionedparcelable:28.0.0] AndroidManifest.xml:20:5-44
MERGED from [com.android.support:versionedparcelable:28.0.0] AndroidManifest.xml:20:5-44
MERGED from [com.android.support:cursoradapter:28.0.0] AndroidManifest.xml:20:5-44
MERGED from [com.android.support:cursoradapter:28.0.0] AndroidManifest.xml:20:5-44
MERGED from [android.arch.lifecycle:runtime:1.1.1] AndroidManifest.xml:20:5-44
MERGED from [android.arch.lifecycle:runtime:1.1.1] AndroidManifest.xml:20:5-44
MERGED from [com.android.support:documentfile:28.0.0] AndroidManifest.xml:20:5-44
MERGED from [com.android.support:documentfile:28.0.0] AndroidManifest.xml:20:5-44
MERGED from [com.android.support:localbroadcastmanager:28.0.0] AndroidManifest.xml:20:5-44
MERGED from [com.android.support:localbroadcastmanager:28.0.0] AndroidManifest.xml:20:5-44
MERGED from [com.android.support:print:28.0.0] AndroidManifest.xml:20:5-44
MERGED from [com.android.support:print:28.0.0] AndroidManifest.xml:20:5-44
MERGED from [android.arch.lifecycle:viewmodel:1.1.1] AndroidManifest.xml:20:5-44
MERGED from [android.arch.lifecycle:viewmodel:1.1.1] AndroidManifest.xml:20:5-44
MERGED from [android.arch.lifecycle:livedata:1.1.1] AndroidManifest.xml:20:5-44
MERGED from [android.arch.lifecycle:livedata:1.1.1] AndroidManifest.xml:20:5-44
MERGED from [android.arch.lifecycle:livedata-core:1.1.1] AndroidManifest.xml:20:5-44
MERGED from [android.arch.lifecycle:livedata-core:1.1.1] AndroidManifest.xml:20:5-44
MERGED from [android.arch.core:runtime:1.1.1] AndroidManifest.xml:20:5-44
MERGED from [android.arch.core:runtime:1.1.1] AndroidManifest.xml:20:5-44
MERGED from [com.android.support:interpolator:28.0.0] AndroidManifest.xml:20:5-44
MERGED from [com.android.support:interpolator:28.0.0] AndroidManifest.xml:20:5-44
INJECTED from src\main\AndroidManifest.xml
INJECTED from src\main\AndroidManifest.xml
	android:targetSdkVersion
		INJECTED from src\main\AndroidManifest.xml
		ADDED from src\main\AndroidManifest.xml
		INJECTED from src\main\AndroidManifest.xml
	android:minSdkVersion
		INJECTED from src\main\AndroidManifest.xml
		ADDED from src\main\AndroidManifest.xml
		INJECTED from src\main\AndroidManifest.xml
activity#com.google.ar.core.InstallActivity
ADDED from [:core-1.4.0:] AndroidManifest.xml:33:9-39:80
	android:excludeFromRecents
		ADDED from [:core-1.4.0:] AndroidManifest.xml:36:13-46
	android:launchMode
		ADDED from [:core-1.4.0:] AndroidManifest.xml:38:13-43
	android:exported
		ADDED from [:core-1.4.0:] AndroidManifest.xml:37:13-37
	android:configChanges
		ADDED from [:core-1.4.0:] AndroidManifest.xml:35:13-74
	android:theme
		ADDED from [:core-1.4.0:] AndroidManifest.xml:39:13-77
	android:name
		ADDED from [:core-1.4.0:] AndroidManifest.xml:34:13-62
meta-data#com.google.ar.core.min_apk_version
ADDED from [:core-1.4.0:] AndroidManifest.xml:41:9-43:41
	android:value
		ADDED from [:core-1.4.0:] AndroidManifest.xml:43:13-38
	android:name
		ADDED from [:core-1.4.0:] AndroidManifest.xml:42:13-62
uses-permission#android.permission.ACCESS_NETWORK_STATE
ADDED from [:VuforiaWrapper:] AndroidManifest.xml:16:5-79
	android:name
		ADDED from [:VuforiaWrapper:] AndroidManifest.xml:16:22-76
uses-permission#android.permission.WRITE_EXTERNAL_STORAGE
ADDED from [:VuforiaWrapper:] AndroidManifest.xml:17:5-81
	android:name
		ADDED from [:VuforiaWrapper:] AndroidManifest.xml:17:22-78
meta-data#com.google.ar.core
ADDED from [:VuforiaWrapper:] AndroidManifest.xml:22:9-24:40
	android:value
		ADDED from [:VuforiaWrapper:] AndroidManifest.xml:24:13-37
	android:name
		ADDED from [:VuforiaWrapper:] AndroidManifest.xml:23:13-46
uses-library#com.osterhoutgroup.api.ext
ADDED from [:VuforiaWrapper:] AndroidManifest.xml:27:9-29:40
	android:required
		ADDED from [:VuforiaWrapper:] AndroidManifest.xml:29:13-37
	android:name
		ADDED from [:VuforiaWrapper:] AndroidManifest.xml:28:13-54
uses-permission#android.permission.READ_EXTERNAL_STORAGE
IMPLIED from src\main\AndroidManifest.xml:2:1-74:12 reason: com.vuforia.engine.ext requested WRITE_EXTERNAL_STORAGE